ISim log file
Running: C:\Users\XingyouLee\OneDrive\Program\VHDL\lab1\adder_isim_beh.exe -intstyle ise -gui -tclbatch isim.cmd -wdb C:/Users/XingyouLee/OneDrive/Program/VHDL/lab1/adder_isim_beh.wdb 
ISim P.20131013 (signature 0x7708f090)
This is a Full version of ISim.
Time resolution is 1 ps
# onerror resume
# wave add /
# run 1000 ns
Simulator is doing circuit initialization process.
Finished circuit initialization process.
# restart
# put a 0
# put b 1
# put Cin 1
# run 10ps
Simulator is doing circuit initialization process.
Finished circuit initialization process.
# put a 1
# put b 0
# put cin 1
# run 10ps
# put a 0
# put b 0
# put cin 1
# run 10ps
# run 50ps
# run 50ps
