Release 14.7 - xst P.20131013 (nt64)
Copyright (c) 1995-2013 Xilinx, Inc.  All rights reserved.
--> Parameter TMPDIR set to xst/projnav.tmp


Total REAL time to Xst completion: 0.00 secs
Total CPU time to Xst completion: 0.16 secs
 
--> Parameter xsthdpdir set to xst


Total REAL time to Xst completion: 0.00 secs
Total CPU time to Xst completion: 0.16 secs
 
--> Reading design: display.prj

TABLE OF CONTENTS
  1) Synthesis Options Summary
  2) HDL Parsing
  3) HDL Elaboration
  4) HDL Synthesis
       4.1) HDL Synthesis Report
  5) Advanced HDL Synthesis
       5.1) Advanced HDL Synthesis Report
  6) Low Level Synthesis
  7) Partition Report
  8) Design Summary
       8.1) Primitive and Black Box Usage
       8.2) Device utilization summary
       8.3) Partition Resource Summary
       8.4) Timing Report
            8.4.1) Clock Information
            8.4.2) Asynchronous Control Signals Information
            8.4.3) Timing Summary
            8.4.4) Timing Details
            8.4.5) Cross Clock Domains Report


=========================================================================
*                      Synthesis Options Summary                        *
=========================================================================
---- Source Parameters
Input File Name                    : "display.prj"
Ignore Synthesis Constraint File   : NO

---- Target Parameters
Output File Name                   : "display"
Output Format                      : NGC
Target Device                      : xc7a100t-3-csg324

---- Source Options
Top Module Name                    : display
Automatic FSM Extraction           : YES
FSM Encoding Algorithm             : Auto
Safe Implementation                : No
FSM Style                          : LUT
RAM Extraction                     : Yes
RAM Style                          : Auto
ROM Extraction                     : Yes
Shift Register Extraction          : YES
ROM Style                          : Auto
Resource Sharing                   : YES
Asynchronous To Synchronous        : NO
Shift Register Minimum Size        : 2
Use DSP Block                      : Auto
Automatic Register Balancing       : No

---- Target Options
LUT Combining                      : Auto
Reduce Control Sets                : Auto
Add IO Buffers                     : YES
Global Maximum Fanout              : 100000
Add Generic Clock Buffer(BUFG)     : 32
Register Duplication               : YES
Optimize Instantiated Primitives   : NO
Use Clock Enable                   : Auto
Use Synchronous Set                : Auto
Use Synchronous Reset              : Auto
Pack IO Registers into IOBs        : Auto
Equivalent register Removal        : YES

---- General Options
Optimization Goal                  : Speed
Optimization Effort                : 1
Power Reduction                    : NO
Keep Hierarchy                     : No
Netlist Hierarchy                  : As_Optimized
RTL Output                         : Yes
Global Optimization                : AllClockNets
Read Cores                         : YES
Write Timing Constraints           : NO
Cross Clock Analysis               : NO
Hierarchy Separator                : /
Bus Delimiter                      : <>
Case Specifier                     : Maintain
Slice Utilization Ratio            : 100
BRAM Utilization Ratio             : 100
DSP48 Utilization Ratio            : 100
Auto BRAM Packing                  : NO
Slice Utilization Ratio Delta      : 5

=========================================================================


=========================================================================
*                          HDL Parsing                                  *
=========================================================================
Parsing VHDL file "C:\Users\XingyouLee\OneDrive\Program\VHDL\lab3\display.vhd" into library work
Parsing entity <display>.
Parsing architecture <Behavioral> of entity <display>.

=========================================================================
*                            HDL Elaboration                            *
=========================================================================

Elaborating entity <display> (architecture <Behavioral>) from library <work>.

=========================================================================
*                           HDL Synthesis                               *
=========================================================================

Synthesizing Unit <display>.
    Related source file is "C:\Users\XingyouLee\OneDrive\Program\VHDL\lab3\display.vhd".
WARNING:Xst:737 - Found 1-bit latch for signal <L<6>>. Latches may be generated from incomplete case or if statements. We do not recommend the use of latches in FPGA/CPLD designs, as they may lead to timing problems.
WARNING:Xst:737 - Found 1-bit latch for signal <L<5>>. Latches may be generated from incomplete case or if statements. We do not recommend the use of latches in FPGA/CPLD designs, as they may lead to timing problems.
WARNING:Xst:737 - Found 1-bit latch for signal <L<4>>. Latches may be generated from incomplete case or if statements. We do not recommend the use of latches in FPGA/CPLD designs, as they may lead to timing problems.
WARNING:Xst:737 - Found 1-bit latch for signal <L<3>>. Latches may be generated from incomplete case or if statements. We do not recommend the use of latches in FPGA/CPLD designs, as they may lead to timing problems.
WARNING:Xst:737 - Found 1-bit latch for signal <L<2>>. Latches may be generated from incomplete case or if statements. We do not recommend the use of latches in FPGA/CPLD designs, as they may lead to timing problems.
WARNING:Xst:737 - Found 1-bit latch for signal <L<1>>. Latches may be generated from incomplete case or if statements. We do not recommend the use of latches in FPGA/CPLD designs, as they may lead to timing problems.
WARNING:Xst:737 - Found 1-bit latch for signal <L<0>>. Latches may be generated from incomplete case or if statements. We do not recommend the use of latches in FPGA/CPLD designs, as they may lead to timing problems.
    Summary:
	inferred   7 Latch(s).
	inferred  36 Multiplexer(s).
Unit <display> synthesized.

=========================================================================
HDL Synthesis Report

Macro Statistics
# Latches                                              : 7
 1-bit latch                                           : 7
# Multiplexers                                         : 36
 1-bit 2-to-1 multiplexer                              : 36

=========================================================================

=========================================================================
*                       Advanced HDL Synthesis                          *
=========================================================================


=========================================================================
Advanced HDL Synthesis Report

Macro Statistics
# Multiplexers                                         : 36
 1-bit 2-to-1 multiplexer                              : 36

=========================================================================

=========================================================================
*                         Low Level Synthesis                           *
=========================================================================
WARNING:Xst:3001 - This design contains one or more registers or latches with an active
   asynchronous set and asynchronous reset. While this circuit can be built,
   it creates a sub-optimal implementation in terms of area, power and
   performance. For a more optimal implementation Xilinx highly recommends
   one of the following:

          1) Remove either the set or reset from all registers and latches if
             not needed for required functionality
          2) Modify the code in order to produce a synchronous set
             and/or reset (both is preferred)
          3) Use the -async_to_sync option to transform the asynchronous
             set/reset to synchronous operation
             (timing simulation highly recommended when using this option)

  Please refer to http://www.xilinx.com search string "Artix7 asynchronous set/reset" for more details.

  List of register instances with asynchronous set and reset:
    L_6 in unit <display>
    L_0 in unit <display>
    L_2 in unit <display>
    L_3 in unit <display>
    L_1 in unit <display>
    L_4 in unit <display>
    L_5 in unit <display>


Optimizing unit <display> ...

Mapping all equations...
Building and optimizing final netlist ...
Found area constraint ratio of 100 (+ 5) on block display, actual ratio is 0.

Final Macro Processing ...

=========================================================================
Final Register Report

Found no macro
=========================================================================

=========================================================================
*                           Partition Report                            *
=========================================================================

Partition Implementation Status
-------------------------------

  No Partitions were found in this design.

-------------------------------

=========================================================================
*                            Design Summary                             *
=========================================================================

Top Level Output File Name         : display.ngc

Primitive and Black Box Usage:
------------------------------
# BELS                             : 29
#      GND                         : 1
#      LUT3                        : 14
#      LUT4                        : 14
# FlipFlops/Latches                : 7
#      LD                          : 7
# IO Buffers                       : 11
#      IBUF                        : 4
#      OBUF                        : 7

Device utilization summary:
---------------------------

Selected Device : 7a100tcsg324-3 


Slice Logic Utilization: 
 Number of Slice LUTs:                   28  out of  63400     0%  
    Number used as Logic:                28  out of  63400     0%  

Slice Logic Distribution: 
 Number of LUT Flip Flop pairs used:     28
   Number with an unused Flip Flop:      28  out of     28   100%  
   Number with an unused LUT:             0  out of     28     0%  
   Number of fully used LUT-FF pairs:     0  out of     28     0%  
   Number of unique control sets:         7

IO Utilization: 
 Number of IOs:                          11
 Number of bonded IOBs:                  11  out of    210     5%  
    IOB Flip Flops/Latches:               7

Specific Feature Utilization:

---------------------------
Partition Resource Summary:
---------------------------

  No Partitions were found in this design.

---------------------------


=========================================================================
Timing Report

NOTE: THESE TIMING NUMBERS ARE ONLY A SYNTHESIS ESTIMATE.
      FOR ACCURATE TIMING INFORMATION PLEASE REFER TO THE TRACE REPORT
      GENERATED AFTER PLACE-and-ROUTE.

Clock Information:
------------------
-----------------------------------+------------------------+-------+
Clock Signal                       | Clock buffer(FF name)  | Load  |
-----------------------------------+------------------------+-------+
L_5_G(L_5_G:O)                     | NONE(*)(L_5)           | 1     |
L_4_G(L_4_G:O)                     | NONE(*)(L_4)           | 1     |
L_1_G(L_1_G:O)                     | NONE(*)(L_1)           | 1     |
L_3_G(L_3_G:O)                     | NONE(*)(L_3)           | 1     |
L_2_G(L_2_G:O)                     | NONE(*)(L_2)           | 1     |
L_0_G(L_0_G:O)                     | NONE(*)(L_0)           | 1     |
L_6_G(L_6_G:O)                     | NONE(*)(L_6)           | 1     |
-----------------------------------+------------------------+-------+
(*) These 7 clock signal(s) are generated by combinatorial logic,
and XST is not able to identify which are the primary clock signals.
Please use the CLOCK_SIGNAL constraint to specify the clock signal(s) generated by combinatorial logic.
INFO:Xst:2169 - HDL ADVISOR - Some clock signals were not automatically buffered by XST with BUFG/BUFR resources. Please use the buffer_type constraint in order to insert these buffers to the clock signals to help prevent skew problems.

Asynchronous Control Signals Information:
----------------------------------------
No asynchronous control signals found in this design

Timing Summary:
---------------
Speed Grade: -3

   Minimum period: No path found
   Minimum input arrival time before clock: 1.326ns
   Maximum output required time after clock: 0.751ns
   Maximum combinational path delay: No path found

Timing Details:
---------------
All values displayed in nanoseconds (ns)

=========================================================================
Timing constraint: Default OFFSET IN BEFORE for Clock 'L_5_G'
  Total number of paths / destination ports: 8 / 1
-------------------------------------------------------------------------
Offset:              1.326ns (Levels of Logic = 3)
  Source:            B2 (PAD)
  Destination:       L_5 (LATCH)
  Destination Clock: L_5_G falling

  Data Path: B2 to L_5
                                Gate     Net
    Cell:in->out      fanout   Delay   Delay  Logical Name (Net Name)
    ----------------------------------------  ------------
     IBUF:I->O            14   0.001   0.616  B2_IBUF (B2_IBUF)
     LUT4:I0->O            2   0.097   0.515  B0_PWR_3_o_AND_34_o1 (B0_PWR_3_o_AND_34_o)
     LUT3:I0->O            1   0.097   0.000  L_5_D (L_5_D)
     LD:D                     -0.028          L_5
    ----------------------------------------
    Total                      1.326ns (0.195ns logic, 1.131ns route)
                                       (14.7% logic, 85.3% route)

=========================================================================
Timing constraint: Default OFFSET IN BEFORE for Clock 'L_4_G'
  Total number of paths / destination ports: 8 / 1
-------------------------------------------------------------------------
Offset:              1.326ns (Levels of Logic = 3)
  Source:            B0 (PAD)
  Destination:       L_4 (LATCH)
  Destination Clock: L_4_G falling

  Data Path: B0 to L_4
                                Gate     Net
    Cell:in->out      fanout   Delay   Delay  Logical Name (Net Name)
    ----------------------------------------  ------------
     IBUF:I->O            14   0.001   0.616  B0_IBUF (B0_IBUF)
     LUT4:I0->O            2   0.097   0.515  B0_GND_3_o_AND_36_o1 (B0_GND_3_o_AND_36_o)
     LUT3:I0->O            1   0.097   0.000  L_4_D (L_4_D)
     LD:D                     -0.028          L_4
    ----------------------------------------
    Total                      1.326ns (0.195ns logic, 1.131ns route)
                                       (14.7% logic, 85.3% route)

=========================================================================
Timing constraint: Default OFFSET IN BEFORE for Clock 'L_1_G'
  Total number of paths / destination ports: 8 / 1
-------------------------------------------------------------------------
Offset:              1.326ns (Levels of Logic = 3)
  Source:            B3 (PAD)
  Destination:       L_1 (LATCH)
  Destination Clock: L_1_G falling

  Data Path: B3 to L_1
                                Gate     Net
    Cell:in->out      fanout   Delay   Delay  Logical Name (Net Name)
    ----------------------------------------  ------------
     IBUF:I->O            14   0.001   0.616  B3_IBUF (B3_IBUF)
     LUT4:I0->O            2   0.097   0.515  B0_PWR_3_o_AND_42_o1 (B0_PWR_3_o_AND_42_o)
     LUT3:I0->O            1   0.097   0.000  L_1_D (L_1_D)
     LD:D                     -0.028          L_1
    ----------------------------------------
    Total                      1.326ns (0.195ns logic, 1.131ns route)
                                       (14.7% logic, 85.3% route)

=========================================================================
Timing constraint: Default OFFSET IN BEFORE for Clock 'L_3_G'
  Total number of paths / destination ports: 8 / 1
-------------------------------------------------------------------------
Offset:              1.326ns (Levels of Logic = 3)
  Source:            B3 (PAD)
  Destination:       L_3 (LATCH)
  Destination Clock: L_3_G falling

  Data Path: B3 to L_3
                                Gate     Net
    Cell:in->out      fanout   Delay   Delay  Logical Name (Net Name)
    ----------------------------------------  ------------
     IBUF:I->O            14   0.001   0.616  B3_IBUF (B3_IBUF)
     LUT4:I0->O            2   0.097   0.515  B0_PWR_3_o_AND_38_o1 (B0_PWR_3_o_AND_38_o)
     LUT3:I0->O            1   0.097   0.000  L_3_D (L_3_D)
     LD:D                     -0.028          L_3
    ----------------------------------------
    Total                      1.326ns (0.195ns logic, 1.131ns route)
                                       (14.7% logic, 85.3% route)

=========================================================================
Timing constraint: Default OFFSET IN BEFORE for Clock 'L_2_G'
  Total number of paths / destination ports: 8 / 1
-------------------------------------------------------------------------
Offset:              1.326ns (Levels of Logic = 3)
  Source:            B3 (PAD)
  Destination:       L_2 (LATCH)
  Destination Clock: L_2_G falling

  Data Path: B3 to L_2
                                Gate     Net
    Cell:in->out      fanout   Delay   Delay  Logical Name (Net Name)
    ----------------------------------------  ------------
     IBUF:I->O            14   0.001   0.616  B3_IBUF (B3_IBUF)
     LUT4:I0->O            2   0.097   0.515  B0_PWR_3_o_AND_40_o1 (B0_PWR_3_o_AND_40_o)
     LUT3:I0->O            1   0.097   0.000  L_2_D (L_2_D)
     LD:D                     -0.028          L_2
    ----------------------------------------
    Total                      1.326ns (0.195ns logic, 1.131ns route)
                                       (14.7% logic, 85.3% route)

=========================================================================
Timing constraint: Default OFFSET IN BEFORE for Clock 'L_0_G'
  Total number of paths / destination ports: 8 / 1
-------------------------------------------------------------------------
Offset:              1.326ns (Levels of Logic = 3)
  Source:            B1 (PAD)
  Destination:       L_0 (LATCH)
  Destination Clock: L_0_G falling

  Data Path: B1 to L_0
                                Gate     Net
    Cell:in->out      fanout   Delay   Delay  Logical Name (Net Name)
    ----------------------------------------  ------------
     IBUF:I->O            14   0.001   0.616  B1_IBUF (B1_IBUF)
     LUT4:I0->O            2   0.097   0.515  B0_PWR_3_o_AND_44_o1 (B0_PWR_3_o_AND_44_o)
     LUT3:I0->O            1   0.097   0.000  L_0_D (L_0_D)
     LD:D                     -0.028          L_0
    ----------------------------------------
    Total                      1.326ns (0.195ns logic, 1.131ns route)
                                       (14.7% logic, 85.3% route)

=========================================================================
Timing constraint: Default OFFSET IN BEFORE for Clock 'L_6_G'
  Total number of paths / destination ports: 8 / 1
-------------------------------------------------------------------------
Offset:              1.326ns (Levels of Logic = 3)
  Source:            B3 (PAD)
  Destination:       L_6 (LATCH)
  Destination Clock: L_6_G falling

  Data Path: B3 to L_6
                                Gate     Net
    Cell:in->out      fanout   Delay   Delay  Logical Name (Net Name)
    ----------------------------------------  ------------
     IBUF:I->O            14   0.001   0.616  B3_IBUF (B3_IBUF)
     LUT4:I0->O            2   0.097   0.515  B0_PWR_3_o_AND_32_o1 (B0_PWR_3_o_AND_32_o)
     LUT3:I0->O            1   0.097   0.000  L_6_D (L_6_D)
     LD:D                     -0.028          L_6
    ----------------------------------------
    Total                      1.326ns (0.195ns logic, 1.131ns route)
                                       (14.7% logic, 85.3% route)

=========================================================================
Timing constraint: Default OFFSET OUT AFTER for Clock 'L_6_G'
  Total number of paths / destination ports: 1 / 1
-------------------------------------------------------------------------
Offset:              0.751ns (Levels of Logic = 1)
  Source:            L_6 (LATCH)
  Destination:       L<6> (PAD)
  Source Clock:      L_6_G falling

  Data Path: L_6 to L<6>
                                Gate     Net
    Cell:in->out      fanout   Delay   Delay  Logical Name (Net Name)
    ----------------------------------------  ------------
     LD:G->Q               1   0.472   0.279  L_6 (L_6)
     OBUF:I->O                 0.000          L_6_OBUF (L<6>)
    ----------------------------------------
    Total                      0.751ns (0.472ns logic, 0.279ns route)
                                       (62.8% logic, 37.2% route)

=========================================================================
Timing constraint: Default OFFSET OUT AFTER for Clock 'L_5_G'
  Total number of paths / destination ports: 1 / 1
-------------------------------------------------------------------------
Offset:              0.751ns (Levels of Logic = 1)
  Source:            L_5 (LATCH)
  Destination:       L<5> (PAD)
  Source Clock:      L_5_G falling

  Data Path: L_5 to L<5>
                                Gate     Net
    Cell:in->out      fanout   Delay   Delay  Logical Name (Net Name)
    ----------------------------------------  ------------
     LD:G->Q               1   0.472   0.279  L_5 (L_5)
     OBUF:I->O                 0.000          L_5_OBUF (L<5>)
    ----------------------------------------
    Total                      0.751ns (0.472ns logic, 0.279ns route)
                                       (62.8% logic, 37.2% route)

=========================================================================
Timing constraint: Default OFFSET OUT AFTER for Clock 'L_4_G'
  Total number of paths / destination ports: 1 / 1
-------------------------------------------------------------------------
Offset:              0.751ns (Levels of Logic = 1)
  Source:            L_4 (LATCH)
  Destination:       L<4> (PAD)
  Source Clock:      L_4_G falling

  Data Path: L_4 to L<4>
                                Gate     Net
    Cell:in->out      fanout   Delay   Delay  Logical Name (Net Name)
    ----------------------------------------  ------------
     LD:G->Q               1   0.472   0.279  L_4 (L_4)
     OBUF:I->O                 0.000          L_4_OBUF (L<4>)
    ----------------------------------------
    Total                      0.751ns (0.472ns logic, 0.279ns route)
                                       (62.8% logic, 37.2% route)

=========================================================================
Timing constraint: Default OFFSET OUT AFTER for Clock 'L_3_G'
  Total number of paths / destination ports: 1 / 1
-------------------------------------------------------------------------
Offset:              0.751ns (Levels of Logic = 1)
  Source:            L_3 (LATCH)
  Destination:       L<3> (PAD)
  Source Clock:      L_3_G falling

  Data Path: L_3 to L<3>
                                Gate     Net
    Cell:in->out      fanout   Delay   Delay  Logical Name (Net Name)
    ----------------------------------------  ------------
     LD:G->Q               1   0.472   0.279  L_3 (L_3)
     OBUF:I->O                 0.000          L_3_OBUF (L<3>)
    ----------------------------------------
    Total                      0.751ns (0.472ns logic, 0.279ns route)
                                       (62.8% logic, 37.2% route)

=========================================================================
Timing constraint: Default OFFSET OUT AFTER for Clock 'L_2_G'
  Total number of paths / destination ports: 1 / 1
-------------------------------------------------------------------------
Offset:              0.751ns (Levels of Logic = 1)
  Source:            L_2 (LATCH)
  Destination:       L<2> (PAD)
  Source Clock:      L_2_G falling

  Data Path: L_2 to L<2>
                                Gate     Net
    Cell:in->out      fanout   Delay   Delay  Logical Name (Net Name)
    ----------------------------------------  ------------
     LD:G->Q               1   0.472   0.279  L_2 (L_2)
     OBUF:I->O                 0.000          L_2_OBUF (L<2>)
    ----------------------------------------
    Total                      0.751ns (0.472ns logic, 0.279ns route)
                                       (62.8% logic, 37.2% route)

=========================================================================
Timing constraint: Default OFFSET OUT AFTER for Clock 'L_1_G'
  Total number of paths / destination ports: 1 / 1
-------------------------------------------------------------------------
Offset:              0.751ns (Levels of Logic = 1)
  Source:            L_1 (LATCH)
  Destination:       L<1> (PAD)
  Source Clock:      L_1_G falling

  Data Path: L_1 to L<1>
                                Gate     Net
    Cell:in->out      fanout   Delay   Delay  Logical Name (Net Name)
    ----------------------------------------  ------------
     LD:G->Q               1   0.472   0.279  L_1 (L_1)
     OBUF:I->O                 0.000          L_1_OBUF (L<1>)
    ----------------------------------------
    Total                      0.751ns (0.472ns logic, 0.279ns route)
                                       (62.8% logic, 37.2% route)

=========================================================================
Timing constraint: Default OFFSET OUT AFTER for Clock 'L_0_G'
  Total number of paths / destination ports: 1 / 1
-------------------------------------------------------------------------
Offset:              0.751ns (Levels of Logic = 1)
  Source:            L_0 (LATCH)
  Destination:       L<0> (PAD)
  Source Clock:      L_0_G falling

  Data Path: L_0 to L<0>
                                Gate     Net
    Cell:in->out      fanout   Delay   Delay  Logical Name (Net Name)
    ----------------------------------------  ------------
     LD:G->Q               1   0.472   0.279  L_0 (L_0)
     OBUF:I->O                 0.000          L_0_OBUF (L<0>)
    ----------------------------------------
    Total                      0.751ns (0.472ns logic, 0.279ns route)
                                       (62.8% logic, 37.2% route)

=========================================================================

Cross Clock Domains Report:
--------------------------

=========================================================================


Total REAL time to Xst completion: 7.00 secs
Total CPU time to Xst completion: 7.50 secs
 
--> 

Total memory usage is 4640840 kilobytes

Number of errors   :    0 (   0 filtered)
Number of warnings :    8 (   0 filtered)
Number of infos    :    1 (   0 filtered)

