Running: fuse.exe -relaunch -intstyle "ise" -incremental -lib "secureip" -o "C:/Users/XingyouLee/OneDrive/Program/VHDL/clock/clocktest_isim_beh.exe" -prj "C:/Users/XingyouLee/OneDrive/Program/VHDL/clock/clocktest_beh.prj" "work.clocktest" 
ISim P.20131013 (signature 0x7708f090)
Number of CPUs detected in this system: 12
Turning on mult-threading, number of parallel sub-compilation jobs: 24 
Determining compilation order of HDL files
Parsing VHDL file "C:/Users/XingyouLee/OneDrive/Program/VHDL/clock/clock.vhd" into library work
Parsing VHDL file "C:/Users/XingyouLee/OneDrive/Program/VHDL/clock/clocktest.vhd" into library work
Starting static elaboration
Completed static elaboration
Compiling package standard
Compiling package std_logic_1164
Compiling package std_logic_arith
Compiling package std_logic_unsigned
Compiling package numeric_std
Compiling architecture behavioral of entity myclock [myclock_default]
Compiling architecture behavior of entity clocktest
Time Resolution for simulation is 1ps.
Compiled 8 VHDL Units
Built simulation executable C:/Users/XingyouLee/OneDrive/Program/VHDL/clock/clocktest_isim_beh.exe
Fuse Memory Usage: 38600 KB
Fuse CPU Usage: 515 ms
