ISim log file
Running: C:\Users\XingyouLee\OneDrive\Program\VHDL\clock\clocktest_isim_beh.exe -intstyle ise -gui -tclbatch isim.cmd -wdb C:/Users/XingyouLee/OneDrive/Program/VHDL/clock/clocktest_isim_beh.wdb 
INFO: There is another simulation running in the same directory. Using database file name isim1.wdb.
ISim P.20131013 (signature 0x7708f090)
This is a Full version of ISim.
Time resolution is 1 ps
# onerror resume
# wave add /
# run 1000 ns
Simulator is doing circuit initialization process.
Finished circuit initialization process.
at 500 ps(1), Instance /clocktest/uut/ : Warning: There is an 'U'|'X'|'W'|'Z'|'-' in an arithmetic operand, the result will be 'X'(es).
# run 3.00us
ISim P.20131013 (signature 0x7708f090)
This is a Full version of ISim.
# run 1000 ns
Simulator is doing circuit initialization process.
Finished circuit initialization process.
at 500 ps(1), Instance /clocktest/uut/ : Warning: There is an 'U'|'X'|'W'|'Z'|'-' in an arithmetic operand, the result will be 'X'(es).
# run 3.00us
# run 3.00us
# run 3.00us
